gradleBuild/outputs/logs/manifest-merger-debug-report.txt
-- Merging decision tree log ---
manifest
ADDED from Detector\AndroidManifest.xml:16:1-112:12
INJECTED from Detector\AndroidManifest.xml:16:1-112:12
MERGED from [com.squareup.leakcanary:leakcanary-support-fragment:1.6.1] AndroidManifest.xml:17:1-25:12
MERGED from [com.squareup.leakcanary:leakcanary-android:1.6.1] AndroidManifest.xml:17:1-72:12
MERGED from [com.android.support:design:26.0.0] AndroidManifest.xml:17:1-31:12
MERGED from [com.dji:dji-uxsdk:4.7] AndroidManifest.xml:2:1-14:12
MERGED from [com.dji:dji-sdk:4.7] AndroidManifest.xml:2:1-75:12
MERGED from [com.android.support:appcompat-v7:26.0.0] AndroidManifest.xml:17:1-31:12
MERGED from [com.android.support.constraint:constraint-layout:1.1.2] AndroidManifest.xml:2:1-11:12
MERGED from [com.android.support:multidex:1.0.3] AndroidManifest.xml:17:1-22:12
MERGED from [org.tensorflow:tensorflow-lite:0.0.0-nightly] AndroidManifest.xml:2:1-10:12
MERGED from [org.tensorflow:tensorflow-android:1.13.1] AndroidManifest.xml:2:1-8:12
MERGED from [com.squareup.leakcanary:leakcanary-analyzer:1.6.1] AndroidManifest.xml:17:1-24:12
MERGED from [com.android.support:transition:26.0.0] AndroidManifest.xml:17:1-28:12
MERGED from [com.google.android.gms:play-services-location:11.8.0] AndroidManifest.xml:2:1-9:12
MERGED from [com.google.android.gms:play-services-places:11.8.0] AndroidManifest.xml:17:1-24:12
MERGED from [com.google.android.gms:play-services-maps:11.8.0] AndroidManifest.xml:17:1-32:12
MERGED from [com.google.android.gms:play-services-base:11.8.0] AndroidManifest.xml:17:1-29:12
MERGED from [com.google.android.gms:play-services-tasks:11.8.0] AndroidManifest.xml:2:1-9:12
MERGED from [com.google.android.gms:play-services-basement:11.8.0] AndroidManifest.xml:17:1-28:12
MERGED from [com.android.support:support-v4:26.0.0] AndroidManifest.xml:17:1-31:12
MERGED from [com.android.support:support-fragment:26.0.0] AndroidManifest.xml:17:1-31:12
MERGED from [com.android.support:support-core-utils:26.0.0] AndroidManifest.xml:17:1-31:12
MERGED from [com.android.support:recyclerview-v7:26.0.0] AndroidManifest.xml:17:1-28:12
MERGED from [com.android.support:animated-vector-drawable:26.0.0] AndroidManifest.xml:17:1-28:12
MERGED from [com.android.support:support-core-ui:26.0.0] AndroidManifest.xml:17:1-31:12
MERGED from [com.android.support:support-media-compat:26.0.0] AndroidManifest.xml:17:1-31:12
MERGED from [com.android.support:support-vector-drawable:26.0.0] AndroidManifest.xml:17:1-28:12
MERGED from [com.android.support:support-compat:26.0.0] AndroidManifest.xml:17:1-31:12
MERGED from [com.dji:library-anti-distortion:4.7] AndroidManifest.xml:2:1-11:12
MERGED from [com.google.android.gms:play-services-base-license:11.8.0] AndroidManifest.xml:2:1-6:12
MERGED from [com.google.android.gms:play-services-location-license:11.8.0] AndroidManifest.xml:2:1-6:12
MERGED from [com.google.android.gms:play-services-maps-license:11.8.0] AndroidManifest.xml:2:1-6:12
MERGED from [com.google.android.gms:play-services-places-license:11.8.0] AndroidManifest.xml:2:1-6:12
MERGED from [com.google.android.gms:play-services-basement-license:11.8.0] AndroidManifest.xml:2:1-6:12
MERGED from [com.google.android.gms:play-services-tasks-license:11.8.0] AndroidManifest.xml:2:1-6:12
INJECTED from Detector\AndroidManifest.xml:16:1-112:12
	package
		ADDED from Detector\AndroidManifest.xml:18:5-31
		INJECTED from Detector\AndroidManifest.xml
		INJECTED from Detector\AndroidManifest.xml
	xmlns:tools
		ADDED from Detector\AndroidManifest.xml:17:5-51
	xmlns:android
		ADDED from Detector\AndroidManifest.xml:16:11-69
uses-permission#android.permission.BLUETOOTH
ADDED from Detector\AndroidManifest.xml:21:5-68
MERGED from [com.dji:dji-sdk:4.7] AndroidManifest.xml:11:5-68
MERGED from [com.dji:dji-sdk:4.7] AndroidManifest.xml:11:5-68
	android:name
		ADDED from Detector\AndroidManifest.xml:21:22-65
uses-permission#android.permission.BLUETOOTH_ADMIN
ADDED from Detector\AndroidManifest.xml:22:5-74
MERGED from [com.dji:dji-sdk:4.7] AndroidManifest.xml:12:5-74
MERGED from [com.dji:dji-sdk:4.7] AndroidManifest.xml:12:5-74
	android:name
		ADDED from Detector\AndroidManifest.xml:22:22-71
uses-permission#android.permission.VIBRATE
ADDED from Detector\AndroidManifest.xml:23:5-66
MERGED from [com.dji:dji-sdk:4.7] AndroidManifest.xml:35:5-66
MERGED from [com.dji:dji-sdk:4.7] AndroidManifest.xml:35:5-66
	android:name
		ADDED from Detector\AndroidManifest.xml:23:22-63
uses-permission#android.permission.INTERNET
ADDED from Detector\AndroidManifest.xml:24:5-67
MERGED from [com.google.android.gms:play-services-maps:11.8.0] AndroidManifest.xml:24:5-67
MERGED from [com.google.android.gms:play-services-maps:11.8.0] AndroidManifest.xml:24:5-67
	android:name
		ADDED from Detector\AndroidManifest.xml:24:22-64
uses-permission#android.permission.ACCESS_WIFI_STATE
ADDED from Detector\AndroidManifest.xml:25:5-76
MERGED from [com.dji:dji-sdk:4.7] AndroidManifest.xml:21:5-76
MERGED from [com.dji:dji-sdk:4.7] AndroidManifest.xml:21:5-76
	android:name
		ADDED from Detector\AndroidManifest.xml:25:22-73
uses-permission#android.permission.WAKE_LOCK
ADDED from Detector\AndroidManifest.xml:26:5-68
MERGED from [com.dji:dji-sdk:4.7] AndroidManifest.xml:20:5-68
MERGED from [com.dji:dji-sdk:4.7] AndroidManifest.xml:20:5-68
	android:name
		ADDED from Detector\AndroidManifest.xml:26:22-65
uses-permission#android.permission.ACCESS_COARSE_LOCATION
ADDED from Detector\AndroidManifest.xml:27:5-81
MERGED from [com.dji:dji-sdk:4.7] AndroidManifest.xml:17:5-81
MERGED from [com.dji:dji-sdk:4.7] AndroidManifest.xml:17:5-81
	android:name
		ADDED from Detector\AndroidManifest.xml:27:22-78
uses-permission#android.permission.ACCESS_NETWORK_STATE
ADDED from Detector\AndroidManifest.xml:28:5-79
MERGED from [com.dji:dji-sdk:4.7] AndroidManifest.xml:13:5-79
MERGED from [com.dji:dji-sdk:4.7] AndroidManifest.xml:13:5-79
MERGED from [com.google.android.gms:play-services-maps:11.8.0] AndroidManifest.xml:23:5-79
MERGED from [com.google.android.gms:play-services-maps:11.8.0] AndroidManifest.xml:23:5-79
	android:name
		ADDED from Detector\AndroidManifest.xml:28:22-76
uses-permission#android.permission.ACCESS_FINE_LOCATION
ADDED from Detector\AndroidManifest.xml:29:5-79
MERGED from [com.dji:dji-sdk:4.7] AndroidManifest.xml:18:5-79
MERGED from [com.dji:dji-sdk:4.7] AndroidManifest.xml:18:5-79
	android:name
		ADDED from Detector\AndroidManifest.xml:29:22-76
uses-permission#android.permission.CHANGE_WIFI_STATE
ADDED from Detector\AndroidManifest.xml:30:5-76
MERGED from [com.dji:dji-sdk:4.7] AndroidManifest.xml:39:5-76
MERGED from [com.dji:dji-sdk:4.7] AndroidManifest.xml:39:5-76
	android:name
		ADDED from Detector\AndroidManifest.xml:30:22-73
uses-permission#android.permission.WRITE_EXTERNAL_STORAGE
ADDED from Detector\AndroidManifest.xml:31:5-81
MERGED from [com.squareup.leakcanary:leakcanary-android:1.6.1] AndroidManifest.xml:24:5-81
MERGED from [com.squareup.leakcanary:leakcanary-android:1.6.1] AndroidManifest.xml:24:5-81
MERGED from [com.dji:dji-sdk:4.7] AndroidManifest.xml:15:5-81
MERGED from [com.dji:dji-sdk:4.7] AndroidManifest.xml:15:5-81
	android:name
		ADDED from Detector\AndroidManifest.xml:31:22-78
uses-permission#android.permission.READ_EXTERNAL_STORAGE
ADDED from Detector\AndroidManifest.xml:32:5-80
MERGED from [com.squareup.leakcanary:leakcanary-android:1.6.1] AndroidManifest.xml:23:5-80
MERGED from [com.squareup.leakcanary:leakcanary-android:1.6.1] AndroidManifest.xml:23:5-80
	android:name
		ADDED from Detector\AndroidManifest.xml:32:22-77
uses-permission#android.permission.SYSTEM_ALERT_WINDOW
ADDED from Detector\AndroidManifest.xml:33:5-78
MERGED from [com.dji:dji-sdk:4.7] AndroidManifest.xml:23:5-78
MERGED from [com.dji:dji-sdk:4.7] AndroidManifest.xml:23:5-78
	android:name
		ADDED from Detector\AndroidManifest.xml:33:22-75
uses-permission#android.permission.READ_PHONE_STATE
ADDED from Detector\AndroidManifest.xml:34:5-75
MERGED from [com.dji:dji-sdk:4.7] AndroidManifest.xml:40:5-75
MERGED from [com.dji:dji-sdk:4.7] AndroidManifest.xml:40:5-75
	android:name
		ADDED from Detector\AndroidManifest.xml:34:22-72
uses-permission#android.permission.CAMERA
ADDED from Detector\AndroidManifest.xml:35:5-65
MERGED from [com.dji:dji-sdk:4.7] AndroidManifest.xml:25:5-65
MERGED from [com.dji:dji-sdk:4.7] AndroidManifest.xml:25:5-65
	android:name
		ADDED from Detector\AndroidManifest.xml:35:22-62
uses-feature#android.hardware.camera
ADDED from Detector\AndroidManifest.xml:37:5-60
	android:name
		ADDED from Detector\AndroidManifest.xml:37:19-57
uses-feature#android.hardware.camera.autofocus
ADDED from Detector\AndroidManifest.xml:38:5-70
	android:name
		ADDED from Detector\AndroidManifest.xml:38:19-67
uses-permission#android.permission.RECORD_AUDIO
ADDED from Detector\AndroidManifest.xml:40:5-71
MERGED from [com.dji:dji-sdk:4.7] AndroidManifest.xml:24:5-71
MERGED from [com.dji:dji-sdk:4.7] AndroidManifest.xml:24:5-71
	android:name
		ADDED from Detector\AndroidManifest.xml:40:22-68
uses-feature#android.hardware.usb.host
ADDED from Detector\AndroidManifest.xml:42:5-44:36
MERGED from [com.dji:dji-sdk:4.7] AndroidManifest.xml:53:5-55:36
MERGED from [com.dji:dji-sdk:4.7] AndroidManifest.xml:53:5-55:36
	android:required
		ADDED from Detector\AndroidManifest.xml:44:9-33
	android:name
		ADDED from Detector\AndroidManifest.xml:43:9-49
uses-feature#android.hardware.usb.accessory
ADDED from Detector\AndroidManifest.xml:45:5-47:35
MERGED from [com.dji:dji-sdk:4.7] AndroidManifest.xml:56:5-58:35
MERGED from [com.dji:dji-sdk:4.7] AndroidManifest.xml:56:5-58:35
	android:required
		ADDED from Detector\AndroidManifest.xml:47:9-32
	android:name
		ADDED from Detector\AndroidManifest.xml:46:9-54
application
ADDED from Detector\AndroidManifest.xml:49:5-110:19
MERGED from [com.squareup.leakcanary:leakcanary-support-fragment:1.6.1] AndroidManifest.xml:22:5-23:19
MERGED from [com.squareup.leakcanary:leakcanary-support-fragment:1.6.1] AndroidManifest.xml:22:5-23:19
MERGED from [com.squareup.leakcanary:leakcanary-android:1.6.1] AndroidManifest.xml:26:5-70:19
MERGED from [com.squareup.leakcanary:leakcanary-android:1.6.1] AndroidManifest.xml:26:5-70:19
MERGED from [com.android.support:design:26.0.0] AndroidManifest.xml:25:5-29:19
MERGED from [com.android.support:design:26.0.0] AndroidManifest.xml:25:5-29:19
MERGED from [com.dji:dji-uxsdk:4.7] AndroidManifest.xml:11:5-12:19
MERGED from [com.dji:dji-uxsdk:4.7] AndroidManifest.xml:11:5-12:19
MERGED from [com.dji:dji-sdk:4.7] AndroidManifest.xml:60:5-73:19
MERGED from [com.dji:dji-sdk:4.7] AndroidManifest.xml:60:5-73:19
MERGED from [com.android.support:appcompat-v7:26.0.0] AndroidManifest.xml:25:5-29:19
MERGED from [com.android.support:appcompat-v7:26.0.0] AndroidManifest.xml:25:5-29:19
MERGED from [com.android.support.constraint:constraint-layout:1.1.2] AndroidManifest.xml:9:5-20
MERGED from [com.android.support.constraint:constraint-layout:1.1.2] AndroidManifest.xml:9:5-20
MERGED from [org.tensorflow:tensorflow-lite:0.0.0-nightly] AndroidManifest.xml:8:5-20
MERGED from [org.tensorflow:tensorflow-lite:0.0.0-nightly] AndroidManifest.xml:8:5-20
MERGED from [org.tensorflow:tensorflow-android:1.13.1] AndroidManifest.xml:5:5-6:19
MERGED from [org.tensorflow:tensorflow-android:1.13.1] AndroidManifest.xml:5:5-6:19
MERGED from [com.squareup.leakcanary:leakcanary-analyzer:1.6.1] AndroidManifest.xml:22:5-20
MERGED from [com.squareup.leakcanary:leakcanary-analyzer:1.6.1] AndroidManifest.xml:22:5-20
MERGED from [com.android.support:transition:26.0.0] AndroidManifest.xml:22:5-26:19
MERGED from [com.android.support:transition:26.0.0] AndroidManifest.xml:22:5-26:19
MERGED from [com.google.android.gms:play-services-location:11.8.0] AndroidManifest.xml:7:5-20
MERGED from [com.google.android.gms:play-services-location:11.8.0] AndroidManifest.xml:7:5-20
MERGED from [com.google.android.gms:play-services-places:11.8.0] AndroidManifest.xml:22:5-20
MERGED from [com.google.android.gms:play-services-places:11.8.0] AndroidManifest.xml:22:5-20
MERGED from [com.google.android.gms:play-services-maps:11.8.0] AndroidManifest.xml:30:5-20
MERGED from [com.google.android.gms:play-services-maps:11.8.0] AndroidManifest.xml:30:5-20
MERGED from [com.google.android.gms:play-services-base:11.8.0] AndroidManifest.xml:22:5-27:19
MERGED from [com.google.android.gms:play-services-base:11.8.0] AndroidManifest.xml:22:5-27:19
MERGED from [com.google.android.gms:play-services-tasks:11.8.0] AndroidManifest.xml:7:5-20
MERGED from [com.google.android.gms:play-services-tasks:11.8.0] AndroidManifest.xml:7:5-20
MERGED from [com.google.android.gms:play-services-basement:11.8.0] AndroidManifest.xml:22:5-26:19
MERGED from [com.google.android.gms:play-services-basement:11.8.0] AndroidManifest.xml:22:5-26:19
MERGED from [com.android.support:support-v4:26.0.0] AndroidManifest.xml:25:5-29:19
MERGED from [com.android.support:support-v4:26.0.0] AndroidManifest.xml:25:5-29:19
MERGED from [com.android.support:support-fragment:26.0.0] AndroidManifest.xml:25:5-29:19
MERGED from [com.android.support:support-fragment:26.0.0] AndroidManifest.xml:25:5-29:19
MERGED from [com.android.support:support-core-utils:26.0.0] AndroidManifest.xml:25:5-29:19
MERGED from [com.android.support:support-core-utils:26.0.0] AndroidManifest.xml:25:5-29:19
MERGED from [com.android.support:recyclerview-v7:26.0.0] AndroidManifest.xml:22:5-26:19
MERGED from [com.android.support:recyclerview-v7:26.0.0] AndroidManifest.xml:22:5-26:19
MERGED from [com.android.support:animated-vector-drawable:26.0.0] AndroidManifest.xml:22:5-26:19
MERGED from [com.android.support:animated-vector-drawable:26.0.0] AndroidManifest.xml:22:5-26:19
MERGED from [com.android.support:support-core-ui:26.0.0] AndroidManifest.xml:25:5-29:19
MERGED from [com.android.support:support-core-ui:26.0.0] AndroidManifest.xml:25:5-29:19
MERGED from [com.android.support:support-media-compat:26.0.0] AndroidManifest.xml:25:5-29:19
MERGED from [com.android.support:support-media-compat:26.0.0] AndroidManifest.xml:25:5-29:19
MERGED from [com.android.support:support-vector-drawable:26.0.0] AndroidManifest.xml:22:5-26:19
MERGED from [com.android.support:support-vector-drawable:26.0.0] AndroidManifest.xml:22:5-26:19
MERGED from [com.android.support:support-compat:26.0.0] AndroidManifest.xml:25:5-29:19
MERGED from [com.android.support:support-compat:26.0.0] AndroidManifest.xml:25:5-29:19
MERGED from [com.google.android.gms:play-services-base-license:11.8.0] AndroidManifest.xml:5:5-20
MERGED from [com.google.android.gms:play-services-base-license:11.8.0] AndroidManifest.xml:5:5-20
MERGED from [com.google.android.gms:play-services-location-license:11.8.0] AndroidManifest.xml:5:5-20
MERGED from [com.google.android.gms:play-services-location-license:11.8.0] AndroidManifest.xml:5:5-20
MERGED from [com.google.android.gms:play-services-maps-license:11.8.0] AndroidManifest.xml:5:5-20
MERGED from [com.google.android.gms:play-services-maps-license:11.8.0] AndroidManifest.xml:5:5-20
MERGED from [com.google.android.gms:play-services-places-license:11.8.0] AndroidManifest.xml:5:5-20
MERGED from [com.google.android.gms:play-services-places-license:11.8.0] AndroidManifest.xml:5:5-20
MERGED from [com.google.android.gms:play-services-basement-license:11.8.0] AndroidManifest.xml:5:5-20
MERGED from [com.google.android.gms:play-services-basement-license:11.8.0] AndroidManifest.xml:5:5-20
MERGED from [com.google.android.gms:play-services-tasks-license:11.8.0] AndroidManifest.xml:5:5-20
MERGED from [com.google.android.gms:play-services-tasks-license:11.8.0] AndroidManifest.xml:5:5-20
	android:supportsRtl
		ADDED from Detector\AndroidManifest.xml:55:9-35
	android:label
		ADDED from Detector\AndroidManifest.xml:53:9-33
		REJECTED from [com.dji:dji-uxsdk:4.7] AndroidManifest.xml:11:18-50
	android:roundIcon
		ADDED from Detector\AndroidManifest.xml:54:9-54
	android:icon
		ADDED from Detector\AndroidManifest.xml:52:9-43
	android:allowBackup
		ADDED from Detector\AndroidManifest.xml:51:9-35
	android:theme
		ADDED from Detector\AndroidManifest.xml:56:9-40
	tools:replace
		ADDED from Detector\AndroidManifest.xml:57:9-38
	android:name
		ADDED from Detector\AndroidManifest.xml:50:9-37
uses-library#com.android.future.usb.accessory
ADDED from Detector\AndroidManifest.xml:60:9-73
	android:name
		ADDED from Detector\AndroidManifest.xml:60:23-70
meta-data#com.dji.sdk.API_KEY
ADDED from Detector\AndroidManifest.xml:62:9-64:56
	android:value
		ADDED from Detector\AndroidManifest.xml:64:13-53
	android:name
		ADDED from Detector\AndroidManifest.xml:63:13-47
activity#dji.sdk.sdkmanager.DJIAoaControllerActivity
ADDED from Detector\AndroidManifest.xml:66:9-76:20
	android:theme
		ADDED from Detector\AndroidManifest.xml:68:13-61
	android:name
		ADDED from Detector\AndroidManifest.xml:67:13-71
intent-filter#action:name:android.hardware.usb.action.USB_ACCESSORY_ATTACHED
ADDED from Detector\AndroidManifest.xml:69:13-71:29
action#android.hardware.usb.action.USB_ACCESSORY_ATTACHED
ADDED from Detector\AndroidManifest.xml:70:17-93
	android:name
		ADDED from Detector\AndroidManifest.xml:70:25-90
meta-data#android.hardware.usb.action.USB_ACCESSORY_ATTACHED
ADDED from Detector\AndroidManifest.xml:73:13-75:60
	android:resource
		ADDED from Detector\AndroidManifest.xml:75:17-57
	android:name
		ADDED from Detector\AndroidManifest.xml:74:17-82
service#dji.sdk.sdkmanager.DJIGlobalService
ADDED from Detector\AndroidManifest.xml:78:9-71
MERGED from [com.dji:dji-sdk:4.7] AndroidManifest.xml:61:9-63:43
MERGED from [com.dji:dji-sdk:4.7] AndroidManifest.xml:61:9-63:43
	android:stopWithTask
		ADDED from [com.dji:dji-sdk:4.7] AndroidManifest.xml:63:13-40
	android:name
		ADDED from Detector\AndroidManifest.xml:78:18-68
activity#com.dji.Detector.ConnectionActivity
ADDED from Detector\AndroidManifest.xml:81:9-90:20
	android:screenOrientation
		ADDED from Detector\AndroidManifest.xml:84:13-56
	android:configChanges
		ADDED from Detector\AndroidManifest.xml:83:13-48
	android:name
		ADDED from Detector\AndroidManifest.xml:82:13-47
intent-filter#action:name:android.intent.action.MAIN+category:name:android.intent.category.LAUNCHER
ADDED from Detector\AndroidManifest.xml:85:13-89:29
action#android.intent.action.MAIN
ADDED from Detector\AndroidManifest.xml:86:17-69
	android:name
		ADDED from Detector\AndroidManifest.xml:86:25-66
category#android.intent.category.LAUNCHER
ADDED from Detector\AndroidManifest.xml:88:17-77
	android:name
		ADDED from Detector\AndroidManifest.xml:88:27-74
activity#com.dji.Detector.DetectorActivity
ADDED from Detector\AndroidManifest.xml:91:9-96:20
	android:screenOrientation
		ADDED from Detector\AndroidManifest.xml:94:13-56
	android:label
		ADDED from Detector\AndroidManifest.xml:93:13-60
	android:name
		ADDED from Detector\AndroidManifest.xml:92:13-45
activity#com.dji.Detector.DetectActivity
ADDED from Detector\AndroidManifest.xml:97:9-102:20
	android:screenOrientation
		ADDED from Detector\AndroidManifest.xml:100:13-56
	android:label
		ADDED from Detector\AndroidManifest.xml:99:13-60
	android:name
		ADDED from Detector\AndroidManifest.xml:98:13-43
activity#com.dji.Detector.MediaActivity
ADDED from Detector\AndroidManifest.xml:103:9-108:20
	android:screenOrientation
		ADDED from Detector\AndroidManifest.xml:106:13-56
	android:label
		ADDED from Detector\AndroidManifest.xml:105:13-57
	android:name
		ADDED from Detector\AndroidManifest.xml:104:13-42
uses-sdk
INJECTED from Detector\AndroidManifest.xml reason: use-sdk injection requested
INJECTED from Detector\AndroidManifest.xml
INJECTED from Detector\AndroidManifest.xml
MERGED from [com.squareup.leakcanary:leakcanary-support-fragment:1.6.1] AndroidManifest.xml:20:5-44
MERGED from [com.squareup.leakcanary:leakcanary-support-fragment:1.6.1] AndroidManifest.xml:20:5-44
MERGED from [com.squareup.leakcanary:leakcanary-android:1.6.1] AndroidManifest.xml:20:5-44
MERGED from [com.squareup.leakcanary:leakcanary-android:1.6.1] AndroidManifest.xml:20:5-44
MERGED from [com.android.support:design:26.0.0] AndroidManifest.xml:21:5-23:62
MERGED from [com.android.support:design:26.0.0] AndroidManifest.xml:21:5-23:62
MERGED from [com.dji:dji-uxsdk:4.7] AndroidManifest.xml:7:5-9:41
MERGED from [com.dji:dji-uxsdk:4.7] AndroidManifest.xml:7:5-9:41
MERGED from [com.dji:dji-sdk:4.7] AndroidManifest.xml:7:5-9:41
MERGED from [com.dji:dji-sdk:4.7] AndroidManifest.xml:7:5-9:41
MERGED from [com.android.support:appcompat-v7:26.0.0] AndroidManifest.xml:21:5-23:78
MERGED from [com.android.support:appcompat-v7:26.0.0] AndroidManifest.xml:21:5-23:78
MERGED from [com.android.support.constraint:constraint-layout:1.1.2] AndroidManifest.xml:5:5-7:41
MERGED from [com.android.support.constraint:constraint-layout:1.1.2] AndroidManifest.xml:5:5-7:41
MERGED from [com.android.support:multidex:1.0.3] AndroidManifest.xml:20:5-43
MERGED from [com.android.support:multidex:1.0.3] AndroidManifest.xml:20:5-43
MERGED from [org.tensorflow:tensorflow-lite:0.0.0-nightly] AndroidManifest.xml:5:5-6:41
MERGED from [org.tensorflow:tensorflow-lite:0.0.0-nightly] AndroidManifest.xml:5:5-6:41
MERGED from [com.squareup.leakcanary:leakcanary-analyzer:1.6.1] AndroidManifest.xml:20:5-44
MERGED from [com.squareup.leakcanary:leakcanary-analyzer:1.6.1] AndroidManifest.xml:20:5-44
MERGED from [com.android.support:transition:26.0.0] AndroidManifest.xml:20:5-44
MERGED from [com.android.support:transition:26.0.0] AndroidManifest.xml:20:5-44
MERGED from [com.google.android.gms:play-services-location:11.8.0] AndroidManifest.xml:5:5-44
MERGED from [com.google.android.gms:play-services-location:11.8.0] AndroidManifest.xml:5:5-44
MERGED from [com.google.android.gms:play-services-places:11.8.0] AndroidManifest.xml:20:5-44
MERGED from [com.google.android.gms:play-services-places:11.8.0] AndroidManifest.xml:20:5-44
MERGED from [com.google.android.gms:play-services-maps:11.8.0] AndroidManifest.xml:20:5-44
MERGED from [com.google.android.gms:play-services-maps:11.8.0] AndroidManifest.xml:20:5-44
MERGED from [com.google.android.gms:play-services-base:11.8.0] AndroidManifest.xml:20:5-44
MERGED from [com.google.android.gms:play-services-base:11.8.0] AndroidManifest.xml:20:5-44
MERGED from [com.google.android.gms:play-services-tasks:11.8.0] AndroidManifest.xml:5:5-44
MERGED from [com.google.android.gms:play-services-tasks:11.8.0] AndroidManifest.xml:5:5-44
MERGED from [com.google.android.gms:play-services-basement:11.8.0] AndroidManifest.xml:20:5-44
MERGED from [com.google.android.gms:play-services-basement:11.8.0] AndroidManifest.xml:20:5-44
MERGED from [com.android.support:support-v4:26.0.0] AndroidManifest.xml:21:5-23:54
MERGED from [com.android.support:support-v4:26.0.0] AndroidManifest.xml:21:5-23:54
MERGED from [com.android.support:support-fragment:26.0.0] AndroidManifest.xml:21:5-23:60
MERGED from [com.android.support:support-fragment:26.0.0] AndroidManifest.xml:21:5-23:60
MERGED from [com.android.support:support-core-utils:26.0.0] AndroidManifest.xml:21:5-23:61
MERGED from [com.android.support:support-core-utils:26.0.0] AndroidManifest.xml:21:5-23:61
MERGED from [com.android.support:recyclerview-v7:26.0.0] AndroidManifest.xml:20:5-44
MERGED from [com.android.support:recyclerview-v7:26.0.0] AndroidManifest.xml:20:5-44
MERGED from [com.android.support:animated-vector-drawable:26.0.0] AndroidManifest.xml:20:5-44
MERGED from [com.android.support:animated-vector-drawable:26.0.0] AndroidManifest.xml:20:5-44
MERGED from [com.android.support:support-core-ui:26.0.0] AndroidManifest.xml:21:5-23:58
MERGED from [com.android.support:support-core-ui:26.0.0] AndroidManifest.xml:21:5-23:58
MERGED from [com.android.support:support-media-compat:26.0.0] AndroidManifest.xml:21:5-23:63
MERGED from [com.android.support:support-media-compat:26.0.0] AndroidManifest.xml:21:5-23:63
MERGED from [com.android.support:support-vector-drawable:26.0.0] AndroidManifest.xml:20:5-44
MERGED from [com.android.support:support-vector-drawable:26.0.0] AndroidManifest.xml:20:5-44
MERGED from [com.android.support:support-compat:26.0.0] AndroidManifest.xml:21:5-23:58
MERGED from [com.android.support:support-compat:26.0.0] AndroidManifest.xml:21:5-23:58
MERGED from [com.dji:library-anti-distortion:4.7] AndroidManifest.xml:7:5-9:41
MERGED from [com.dji:library-anti-distortion:4.7] AndroidManifest.xml:7:5-9:41
MERGED from [com.google.android.gms:play-services-base-license:11.8.0] AndroidManifest.xml:4:5-43
MERGED from [com.google.android.gms:play-services-base-license:11.8.0] AndroidManifest.xml:4:5-43
MERGED from [com.google.android.gms:play-services-location-license:11.8.0] AndroidManifest.xml:4:5-43
MERGED from [com.google.android.gms:play-services-location-license:11.8.0] AndroidManifest.xml:4:5-43
MERGED from [com.google.android.gms:play-services-maps-license:11.8.0] AndroidManifest.xml:4:5-43
MERGED from [com.google.android.gms:play-services-maps-license:11.8.0] AndroidManifest.xml:4:5-43
MERGED from [com.google.android.gms:play-services-places-license:11.8.0] AndroidManifest.xml:4:5-43
MERGED from [com.google.android.gms:play-services-places-license:11.8.0] AndroidManifest.xml:4:5-43
MERGED from [com.google.android.gms:play-services-basement-license:11.8.0] AndroidManifest.xml:4:5-43
MERGED from [com.google.android.gms:play-services-basement-license:11.8.0] AndroidManifest.xml:4:5-43
MERGED from [com.google.android.gms:play-services-tasks-license:11.8.0] AndroidManifest.xml:4:5-43
MERGED from [com.google.android.gms:play-services-tasks-license:11.8.0] AndroidManifest.xml:4:5-43
INJECTED from Detector\AndroidManifest.xml
INJECTED from Detector\AndroidManifest.xml
	tools:overrideLibrary
		ADDED from [com.android.support:design:26.0.0] AndroidManifest.xml:23:9-59
	android:targetSdkVersion
		INJECTED from Detector\AndroidManifest.xml
		ADDED from Detector\AndroidManifest.xml
		INJECTED from Detector\AndroidManifest.xml
	android:minSdkVersion
		INJECTED from Detector\AndroidManifest.xml
		ADDED from Detector\AndroidManifest.xml
		MERGED from Detector\AndroidManifest.xml
		INJECTED from Detector\AndroidManifest.xml
service#com.squareup.leakcanary.internal.HeapAnalyzerService
ADDED from [com.squareup.leakcanary:leakcanary-android:1.6.1] AndroidManifest.xml:27:9-30:45
	android:process
		ADDED from [com.squareup.leakcanary:leakcanary-android:1.6.1] AndroidManifest.xml:30:13-42
	android:enabled
		ADDED from [com.squareup.leakcanary:leakcanary-android:1.6.1] AndroidManifest.xml:29:13-36
	android:name
		ADDED from [com.squareup.leakcanary:leakcanary-android:1.6.1] AndroidManifest.xml:28:13-80
service#com.squareup.leakcanary.DisplayLeakService
ADDED from [com.squareup.leakcanary:leakcanary-android:1.6.1] AndroidManifest.xml:31:9-34:45
	android:process
		ADDED from [com.squareup.leakcanary:leakcanary-android:1.6.1] AndroidManifest.xml:34:13-42
	android:enabled
		ADDED from [com.squareup.leakcanary:leakcanary-android:1.6.1] AndroidManifest.xml:33:13-36
	android:name
		ADDED from [com.squareup.leakcanary:leakcanary-android:1.6.1] AndroidManifest.xml:32:13-70
provider#com.squareup.leakcanary.internal.LeakCanaryFileProvider
ADDED from [com.squareup.leakcanary:leakcanary-android:1.6.1] AndroidManifest.xml:36:9-44:20
	android:grantUriPermissions
		ADDED from [com.squareup.leakcanary:leakcanary-android:1.6.1] AndroidManifest.xml:40:13-47
	android:authorities
		ADDED from [com.squareup.leakcanary:leakcanary-android:1.6.1] AndroidManifest.xml:38:13-88
	android:exported
		ADDED from [com.squareup.leakcanary:leakcanary-android:1.6.1] AndroidManifest.xml:39:13-37
	android:name
		ADDED from [com.squareup.leakcanary:leakcanary-android:1.6.1] AndroidManifest.xml:37:13-83
meta-data#android.support.FILE_PROVIDER_PATHS
ADDED from [com.squareup.leakcanary:leakcanary-android:1.6.1] AndroidManifest.xml:41:13-43:66
	android:resource
		ADDED from [com.squareup.leakcanary:leakcanary-android:1.6.1] AndroidManifest.xml:43:17-63
	android:name
		ADDED from [com.squareup.leakcanary:leakcanary-android:1.6.1] AndroidManifest.xml:42:17-67
activity#com.squareup.leakcanary.internal.DisplayLeakActivity
ADDED from [com.squareup.leakcanary:leakcanary-android:1.6.1] AndroidManifest.xml:46:9-59:20
	android:process
		ADDED from [com.squareup.leakcanary:leakcanary-android:1.6.1] AndroidManifest.xml:51:13-42
	android:enabled
		ADDED from [com.squareup.leakcanary:leakcanary-android:1.6.1] AndroidManifest.xml:48:13-36
	android:label
		ADDED from [com.squareup.leakcanary:leakcanary-android:1.6.1] AndroidManifest.xml:50:13-71
	android:icon
		ADDED from [com.squareup.leakcanary:leakcanary-android:1.6.1] AndroidManifest.xml:49:13-52
	android:theme
		ADDED from [com.squareup.leakcanary:leakcanary-android:1.6.1] AndroidManifest.xml:53:13-63
	android:taskAffinity
		ADDED from [com.squareup.leakcanary:leakcanary-android:1.6.1] AndroidManifest.xml:52:13-76
	android:name
		ADDED from [com.squareup.leakcanary:leakcanary-android:1.6.1] AndroidManifest.xml:47:13-80
activity#com.squareup.leakcanary.internal.RequestStoragePermissionActivity
ADDED from [com.squareup.leakcanary:leakcanary-android:1.6.1] AndroidManifest.xml:60:9-69:68
	android:process
		ADDED from [com.squareup.leakcanary:leakcanary-android:1.6.1] AndroidManifest.xml:66:13-42
	android:enabled
		ADDED from [com.squareup.leakcanary:leakcanary-android:1.6.1] AndroidManifest.xml:62:13-36
	android:label
		ADDED from [com.squareup.leakcanary:leakcanary-android:1.6.1] AndroidManifest.xml:65:13-82
	android:excludeFromRecents
		ADDED from [com.squareup.leakcanary:leakcanary-android:1.6.1] AndroidManifest.xml:63:13-46
	android:roundIcon
		ADDED from [com.squareup.leakcanary:leakcanary-android:1.6.1] AndroidManifest.xml:67:13-57
	android:icon
		ADDED from [com.squareup.leakcanary:leakcanary-android:1.6.1] AndroidManifest.xml:64:13-52
	android:theme
		ADDED from [com.squareup.leakcanary:leakcanary-android:1.6.1] AndroidManifest.xml:69:13-65
	android:taskAffinity
		ADDED from [com.squareup.leakcanary:leakcanary-android:1.6.1] AndroidManifest.xml:68:13-76
	android:name